1725511598.330686 client started (29093): version 3.2a, socket /tmp/tmux-1000/default, protocol 8
1725511598.330743 on Linux 5.15.153.1-microsoft-standard-WSL2 #1 SMP Fri Mar 29 23:14:13 UTC 2024
1725511598.330751 using libevent 2.1.12-stable (poll); ncurses 6.3
1725511598.330770 flags are 0x10010000
1725511598.330775 socket is /tmp/tmux-1000/default
1725511598.330789 trying connect
1725511598.330871 add peer 0x55d5cf1c5360: 6 ((nil))
1725511598.331148 sending message 100 to peer 0x55d5cf1c5360 (4 bytes)
1725511598.331157 sending message 111 to peer 0x55d5cf1c5360 (8 bytes)
1725511598.331162 sending message 101 to peer 0x55d5cf1c5360 (7 bytes)
1725511598.331167 sending message 109 to peer 0x55d5cf1c5360 (4 bytes)
1725511598.331172 sending message 102 to peer 0x55d5cf1c5360 (11 bytes)
1725511598.331177 sending message 108 to peer 0x55d5cf1c5360 (23 bytes)
1725511598.331182 sending message 112 to peer 0x55d5cf1c5360 (70 bytes)
1725511598.331187 sending message 112 to peer 0x55d5cf1c5360 (5 bytes)
1725511598.331193 sending message 112 to peer 0x55d5cf1c5360 (5 bytes)
1725511598.331197 sending message 112 to peer 0x55d5cf1c5360 (6 bytes)
1725511598.331202 sending message 112 to peer 0x55d5cf1c5360 (6 bytes)
1725511598.331207 sending message 112 to peer 0x55d5cf1c5360 (11 bytes)
1725511598.331212 sending message 112 to peer 0x55d5cf1c5360 (10 bytes)
1725511598.331217 sending message 112 to peer 0x55d5cf1c5360 (13 bytes)
1725511598.331223 sending message 112 to peer 0x55d5cf1c5360 (13 bytes)
1725511598.331227 sending message 112 to peer 0x55d5cf1c5360 (18 bytes)
1725511598.331232 sending message 112 to peer 0x55d5cf1c5360 (9 bytes)
1725511598.331237 sending message 112 to peer 0x55d5cf1c5360 (21 bytes)
1725511598.331242 sending message 112 to peer 0x55d5cf1c5360 (13 bytes)
1725511598.331247 sending message 112 to peer 0x55d5cf1c5360 (7 bytes)
1725511598.331252 sending message 112 to peer 0x55d5cf1c5360 (13 bytes)
1725511598.331257 sending message 112 to peer 0x55d5cf1c5360 (7 bytes)
1725511598.331262 sending message 112 to peer 0x55d5cf1c5360 (13 bytes)
1725511598.331267 sending message 112 to peer 0x55d5cf1c5360 (9 bytes)
1725511598.331272 sending message 112 to peer 0x55d5cf1c5360 (21 bytes)
1725511598.331276 sending message 112 to peer 0x55d5cf1c5360 (13 bytes)
1725511598.331281 sending message 112 to peer 0x55d5cf1c5360 (8 bytes)
1725511598.331286 sending message 112 to peer 0x55d5cf1c5360 (12 bytes)
1725511598.331291 sending message 112 to peer 0x55d5cf1c5360 (13 bytes)
1725511598.331296 sending message 112 to peer 0x55d5cf1c5360 (9 bytes)
1725511598.331301 sending message 112 to peer 0x55d5cf1c5360 (9 bytes)
1725511598.331306 sending message 112 to peer 0x55d5cf1c5360 (12 bytes)
1725511598.331311 sending message 112 to peer 0x55d5cf1c5360 (8 bytes)
1725511598.331316 sending message 112 to peer 0x55d5cf1c5360 (7 bytes)
1725511598.331320 sending message 112 to peer 0x55d5cf1c5360 (7 bytes)
1725511598.331326 sending message 112 to peer 0x55d5cf1c5360 (9 bytes)
1725511598.331331 sending message 112 to peer 0x55d5cf1c5360 (13 bytes)
1725511598.331336 sending message 112 to peer 0x55d5cf1c5360 (9 bytes)
1725511598.331341 sending message 112 to peer 0x55d5cf1c5360 (15 bytes)
1725511598.331345 sending message 112 to peer 0x55d5cf1c5360 (13 bytes)
1725511598.331350 sending message 112 to peer 0x55d5cf1c5360 (12 bytes)
1725511598.331355 sending message 112 to peer 0x55d5cf1c5360 (8 bytes)
1725511598.331360 sending message 112 to peer 0x55d5cf1c5360 (14 bytes)
1725511598.331365 sending message 112 to peer 0x55d5cf1c5360 (9 bytes)
1725511598.331370 sending message 112 to peer 0x55d5cf1c5360 (10 bytes)
1725511598.331375 sending message 112 to peer 0x55d5cf1c5360 (10 bytes)
1725511598.331380 sending message 112 to peer 0x55d5cf1c5360 (10 bytes)
1725511598.331385 sending message 112 to peer 0x55d5cf1c5360 (10 bytes)
1725511598.331389 sending message 112 to peer 0x55d5cf1c5360 (11 bytes)
1725511598.331394 sending message 112 to peer 0x55d5cf1c5360 (10 bytes)
1725511598.331399 sending message 112 to peer 0x55d5cf1c5360 (8 bytes)
1725511598.331404 sending message 112 to peer 0x55d5cf1c5360 (11 bytes)
1725511598.331417 sending message 112 to peer 0x55d5cf1c5360 (11 bytes)
1725511598.331422 sending message 112 to peer 0x55d5cf1c5360 (11 bytes)
1725511598.331427 sending message 112 to peer 0x55d5cf1c5360 (8 bytes)
1725511598.331432 sending message 112 to peer 0x55d5cf1c5360 (8 bytes)
1725511598.331437 sending message 112 to peer 0x55d5cf1c5360 (8 bytes)
1725511598.331442 sending message 112 to peer 0x55d5cf1c5360 (10 bytes)
1725511598.331447 sending message 112 to peer 0x55d5cf1c5360 (10 bytes)
1725511598.331451 sending message 112 to peer 0x55d5cf1c5360 (10 bytes)
1725511598.331456 sending message 112 to peer 0x55d5cf1c5360 (10 bytes)
1725511598.331461 sending message 112 to peer 0x55d5cf1c5360 (10 bytes)
1725511598.331466 sending message 112 to peer 0x55d5cf1c5360 (11 bytes)
1725511598.331471 sending message 112 to peer 0x55d5cf1c5360 (11 bytes)
1725511598.331476 sending message 112 to peer 0x55d5cf1c5360 (10 bytes)
1725511598.331480 sending message 112 to peer 0x55d5cf1c5360 (9 bytes)
1725511598.331485 sending message 112 to peer 0x55d5cf1c5360 (9 bytes)
1725511598.331490 sending message 112 to peer 0x55d5cf1c5360 (12 bytes)
1725511598.331495 sending message 112 to peer 0x55d5cf1c5360 (9 bytes)
1725511598.331500 sending message 112 to peer 0x55d5cf1c5360 (6 bytes)
1725511598.331505 sending message 112 to peer 0x55d5cf1c5360 (8 bytes)
1725511598.331510 sending message 112 to peer 0x55d5cf1c5360 (15 bytes)
1725511598.331514 sending message 112 to peer 0x55d5cf1c5360 (13 bytes)
1725511598.331519 sending message 112 to peer 0x55d5cf1c5360 (16 bytes)
1725511598.331524 sending message 112 to peer 0x55d5cf1c5360 (16 bytes)
1725511598.331529 sending message 112 to peer 0x55d5cf1c5360 (10 bytes)
1725511598.331534 sending message 112 to peer 0x55d5cf1c5360 (8 bytes)
1725511598.331539 sending message 112 to peer 0x55d5cf1c5360 (15 bytes)
1725511598.331544 sending message 112 to peer 0x55d5cf1c5360 (13 bytes)
1725511598.331548 sending message 112 to peer 0x55d5cf1c5360 (10 bytes)
1725511598.331553 sending message 112 to peer 0x55d5cf1c5360 (10 bytes)
1725511598.331558 sending message 112 to peer 0x55d5cf1c5360 (5 bytes)
1725511598.331563 sending message 112 to peer 0x55d5cf1c5360 (15 bytes)
1725511598.331569 sending message 104 to peer 0x55d5cf1c5360 (0 bytes)
1725511598.331574 sending message 110 to peer 0x55d5cf1c5360 (0 bytes)
1725511598.331580 sending message 107 to peer 0x55d5cf1c5360 (4 bytes)
1725511598.331585 sending message 105 to peer 0x55d5cf1c5360 (16 bytes)
1725511598.331590 sending message 105 to peer 0x55d5cf1c5360 (24 bytes)
1725511598.331595 sending message 105 to peer 0x55d5cf1c5360 (26 bytes)
1725511598.331600 sending message 105 to peer 0x55d5cf1c5360 (29 bytes)
1725511598.331605 sending message 105 to peer 0x55d5cf1c5360 (36 bytes)
1725511598.331610 sending message 105 to peer 0x55d5cf1c5360 (11 bytes)
1725511598.331615 sending message 105 to peer 0x55d5cf1c5360 (27 bytes)
1725511598.331619 sending message 105 to peer 0x55d5cf1c5360 (17 bytes)
1725511598.331624 sending message 105 to peer 0x55d5cf1c5360 (23 bytes)
1725511598.331629 sending message 105 to peer 0x55d5cf1c5360 (20 bytes)
1725511598.331634 sending message 105 to peer 0x55d5cf1c5360 (13 bytes)
1725511598.331639 sending message 105 to peer 0x55d5cf1c5360 (33 bytes)
1725511598.331644 sending message 105 to peer 0x55d5cf1c5360 (1519 bytes)
1725511598.331658 sending message 105 to peer 0x55d5cf1c5360 (26 bytes)
1725511598.331663 sending message 105 to peer 0x55d5cf1c5360 (34 bytes)
1725511598.331668 sending message 105 to peer 0x55d5cf1c5360 (12 bytes)
1725511598.331673 sending message 105 to peer 0x55d5cf1c5360 (32 bytes)
1725511598.331678 sending message 105 to peer 0x55d5cf1c5360 (14 bytes)
1725511598.331685 sending message 105 to peer 0x55d5cf1c5360 (13 bytes)
1725511598.331692 sending message 105 to peer 0x55d5cf1c5360 (11 bytes)
1725511598.331701 sending message 105 to peer 0x55d5cf1c5360 (8 bytes)
1725511598.331708 sending message 105 to peer 0x55d5cf1c5360 (32 bytes)
1725511598.331716 sending message 105 to peer 0x55d5cf1c5360 (8 bytes)
1725511598.331731 sending message 105 to peer 0x55d5cf1c5360 (65 bytes)
1725511598.331738 sending message 105 to peer 0x55d5cf1c5360 (1442 bytes)
1725511598.331767 sending message 105 to peer 0x55d5cf1c5360 (54 bytes)
1725511598.331782 sending message 105 to peer 0x55d5cf1c5360 (16 bytes)
1725511598.331789 sending message 105 to peer 0x55d5cf1c5360 (40 bytes)
1725511598.331794 sending message 105 to peer 0x55d5cf1c5360 (34 bytes)
1725511598.331799 sending message 105 to peer 0x55d5cf1c5360 (18 bytes)
1725511598.331804 sending message 105 to peer 0x55d5cf1c5360 (16 bytes)
1725511598.331809 sending message 106 to peer 0x55d5cf1c5360 (0 bytes)
1725511598.331818 sending message 200 to peer 0x55d5cf1c5360 (4 bytes)
1725511598.331824 client loop enter
1725511598.332425 peer 0x55d5cf1c5360 message 303
1725511598.332437 open write file 2 -
1725511598.332448 sending message 305 to peer 0x55d5cf1c5360 (8 bytes)
1725511598.332493 write check file 2
1725511598.332686 peer 0x55d5cf1c5360 message 304
1725511598.332697 write 58 to file 2
1725511598.332705 peer 0x55d5cf1c5360 message 203
1725511598.332711 file 2 58 bytes left
1725511598.332755 write check file 2
1725511598.332763 client loop exit
